G:\GITHUB\COUNT_NUMBER_SORT\CONSOLEAPPLICATION1\CONSOLEAPPLICATION1\DEBUG\COUNTSORT.OBJ
G:\GITHUB\COUNT_NUMBER_SORT\CONSOLEAPPLICATION1\CONSOLEAPPLICATION1\DEBUG\VC110.PDB
G:\GITHUB\COUNT_NUMBER_SORT\CONSOLEAPPLICATION1\DEBUG\CONSOLEAPPLICATION1.ILK
G:\GITHUB\COUNT_NUMBER_SORT\CONSOLEAPPLICATION1\DEBUG\CONSOLEAPPLICATION1.EXE
G:\GITHUB\COUNT_NUMBER_SORT\CONSOLEAPPLICATION1\DEBUG\CONSOLEAPPLICATION1.PDB
G:\github\count_number_sort\ConsoleApplication1\ConsoleApplication1\Debug\Countsort.obj
G:\github\count_number_sort\ConsoleApplication1\ConsoleApplication1\Debug\cl.command.1.tlog
G:\github\count_number_sort\ConsoleApplication1\ConsoleApplication1\Debug\CL.read.1.tlog
G:\github\count_number_sort\ConsoleApplication1\ConsoleApplication1\Debug\CL.write.1.tlog
G:\github\count_number_sort\ConsoleApplication1\ConsoleApplication1\Debug\link-cvtres.read.1.tlog
G:\github\count_number_sort\ConsoleApplication1\ConsoleApplication1\Debug\link-cvtres.write.1.tlog
G:\github\count_number_sort\ConsoleApplication1\ConsoleApplication1\Debug\link-rc.read.1.tlog
G:\github\count_number_sort\ConsoleApplication1\ConsoleApplication1\Debug\link-rc.write.1.tlog
G:\github\count_number_sort\ConsoleApplication1\ConsoleApplication1\Debug\link.command.1.tlog
G:\github\count_number_sort\ConsoleApplication1\ConsoleApplication1\Debug\link.read.1.tlog
G:\github\count_number_sort\ConsoleApplication1\ConsoleApplication1\Debug\link.write.1.tlog
G:\github\count_number_sort\ConsoleApplication1\ConsoleApplication1\Debug\vc110.idb
G:\github\count_number_sort\ConsoleApplication1\ConsoleApplication1\Debug\vc110.pdb
G:\github\count_number_sort\ConsoleApplication1\Debug\ConsoleApplication1.pdb
G:\github\count_number_sort\ConsoleApplication1\Debug\ConsoleApplication1.exe
G:\github\count_number_sort\ConsoleApplication1\Debug\ConsoleApplication1.ilk
